=== puma startup: 2019-02-18 15:48:36 +0200 ===
[12763] * Starting control server on unix:///tmp/puma-status-1550497716433-12763
[12763] - Gracefully shutting down workers...
[13794] Early termination of worker
[13799] Early termination of worker
[12763] === puma shutdown: 2019-02-18 15:50:55 +0200 ===
[12763] - Goodbye!
=== puma startup: 2019-02-18 18:30:28 +0200 ===
[19378] * Starting control server on unix:///tmp/puma-status-1550507428773-19378
[19378] - Gracefully shutting down workers...
[2407] Early termination of worker
[2369] Early termination of worker
=== puma startup: 2019-02-18 19:05:17 +0200 ===
[2561] * Starting control server on unix:///tmp/puma-status-1550509517280-2561
[2561] - Gracefully shutting down workers...
[10453] Early termination of worker
[10449] Early termination of worker
[2561] === puma shutdown: 2019-02-18 19:22:05 +0200 ===
[2561] - Goodbye!
=== puma startup: 2019-02-18 19:47:00 +0200 ===
[11539] * Starting control server on unix:///tmp/puma-status-1550512020207-11539
[11539] - Gracefully shutting down workers...
[12097] Early termination of worker
[12093] Early termination of worker
[11539] === puma shutdown: 2019-02-18 19:47:49 +0200 ===
[11539] - Goodbye!
=== puma startup: 2019-02-18 19:48:29 +0200 ===
[12201] * Starting control server on unix:///tmp/puma-status-1550512109030-12201
[12201] - Worker 1 (pid: 12212) booted, phase: 0
[12201] - Worker 0 (pid: 12208) booted, phase: 0
[RailsAdmin] Could not load model App::Models::Mongoid::GridFs, assuming model is non existing. (uninitialized constant App)
[RailsAdmin] Could not load model App::Models::Mongoid::GridFs::Fs::Chunk, assuming model is non existing. (uninitialized constant App)
[RailsAdmin] Could not load model App::Models::Mongoid::GridFs::Fs::File, assuming model is non existing. (uninitialized constant App)
[RailsAdmin] Could not load model Mongoid-gridFs, assuming model is non existing. (wrong constant name Mongoid-gridFs)
[RailsAdmin] Could not load model Mongoid::GridFs::Version, assuming model is non existing. (uninitialized constant Mongoid::GridFs::Version
Did you mean?  Mongoid::VERSION)
[RailsAdmin] Could not load model App::Models::Mongoid::GridFs, assuming model is non existing. (uninitialized constant App)
[RailsAdmin] Could not load model App::Models::Mongoid::GridFs::Fs::Chunk, assuming model is non existing. (uninitialized constant App)
[RailsAdmin] Could not load model App::Models::Mongoid::GridFs::Fs::File, assuming model is non existing. (uninitialized constant App)
[RailsAdmin] Could not load model Mongoid-gridFs, assuming model is non existing. (wrong constant name Mongoid-gridFs)
[RailsAdmin] Could not load model Mongoid::GridFs::Version, assuming model is non existing. (uninitialized constant Mongoid::GridFs::Version
Did you mean?  Mongoid::VERSION)
[12201] - Gracefully shutting down workers...
[12201] === puma shutdown: 2019-02-18 19:49:55 +0200 ===
[12201] - Goodbye!
=== puma startup: 2019-02-18 19:50:09 +0200 ===
[12394] * Starting control server on unix:///tmp/puma-status-1550512209769-12394
[12394] - Worker 0 (pid: 12401) booted, phase: 0
[12394] - Worker 1 (pid: 12404) booted, phase: 0
[RailsAdmin] Could not load model App::Models::Mongoid::GridFs, assuming model is non existing. (uninitialized constant App)
[RailsAdmin] Could not load model App::Models::Mongoid::GridFs::Fs::Chunk, assuming model is non existing. (uninitialized constant App)
[RailsAdmin] Could not load model App::Models::Mongoid::GridFs::Fs::File, assuming model is non existing. (uninitialized constant App)
[RailsAdmin] Could not load model Mongoid-gridFs, assuming model is non existing. (wrong constant name Mongoid-gridFs)
[RailsAdmin] Could not load model Mongoid::GridFs::Version, assuming model is non existing. (uninitialized constant Mongoid::GridFs::Version
Did you mean?  Mongoid::VERSION)
[RailsAdmin] Could not load model App::Models::Mongoid::GridFs, assuming model is non existing. (uninitialized constant App)
[RailsAdmin] Could not load model App::Models::Mongoid::GridFs::Fs::Chunk, assuming model is non existing. (uninitialized constant App)
[RailsAdmin] Could not load model App::Models::Mongoid::GridFs::Fs::File, assuming model is non existing. (uninitialized constant App)
[RailsAdmin] Could not load model Mongoid-gridFs, assuming model is non existing. (wrong constant name Mongoid-gridFs)
[RailsAdmin] Could not load model Mongoid::GridFs::Version, assuming model is non existing. (uninitialized constant Mongoid::GridFs::Version
Did you mean?  Mongoid::VERSION)
[12394] - Gracefully shutting down workers...
[12394] === puma shutdown: 2019-02-18 19:50:54 +0200 ===
[12394] - Goodbye!
=== puma startup: 2019-02-18 19:51:02 +0200 ===
[12549] * Starting control server on unix:///tmp/puma-status-1550512262888-12549
[12549] - Worker 0 (pid: 12556) booted, phase: 0
[12549] - Worker 1 (pid: 12559) booted, phase: 0
[12549] - Gracefully shutting down workers...
[12549] === puma shutdown: 2019-02-18 19:54:13 +0200 ===
[12549] - Goodbye!
=== puma startup: 2019-02-18 19:54:18 +0200 ===
[12708] * Starting control server on unix:///tmp/puma-status-1550512458844-12708
[12708] - Gracefully shutting down workers...
[23275] Early termination of worker
[23279] Early termination of worker
[12708] === puma shutdown: 2019-02-18 20:14:38 +0200 ===
[12708] - Goodbye!
=== puma startup: 2019-02-18 20:15:25 +0200 ===
[23345] * Starting control server on unix:///tmp/puma-status-1550513725793-23345
[23345] - Worker 1 (pid: 23356) booted, phase: 0
[23345] - Worker 0 (pid: 23352) booted, phase: 0
[23345] - Gracefully shutting down workers...
[23345] === puma shutdown: 2019-02-18 20:15:49 +0200 ===
[23345] - Goodbye!
=== puma startup: 2019-02-18 20:16:24 +0200 ===
[23464] * Starting control server on unix:///tmp/puma-status-1550513784465-23464
[23464] - Worker 1 (pid: 23477) booted, phase: 0
[23464] - Worker 0 (pid: 23473) booted, phase: 0
[RailsAdmin] Could not load model App::Models::Mongoid::GridFs, assuming model is non existing. (uninitialized constant App)
[RailsAdmin] Could not load model App::Models::Mongoid::GridFs::Fs::Chunk, assuming model is non existing. (uninitialized constant App)
[RailsAdmin] Could not load model App::Models::Mongoid::GridFs::Fs::File, assuming model is non existing. (uninitialized constant App)
[RailsAdmin] Could not load model Mongoid-gridFs, assuming model is non existing. (wrong constant name Mongoid-gridFs)
[RailsAdmin] Could not load model Mongoid::GridFs::Version, assuming model is non existing. (uninitialized constant Mongoid::GridFs::Version
Did you mean?  Mongoid::VERSION)
[23464] - Gracefully shutting down workers...
[23464] === puma shutdown: 2019-02-18 20:17:15 +0200 ===
[23464] - Goodbye!
=== puma startup: 2019-02-18 20:17:17 +0200 ===
[23654] * Starting control server on unix:///tmp/puma-status-1550513837656-23654
[23654] - Gracefully shutting down workers...
[24513] Early termination of worker
[24519] Early termination of worker
[23654] === puma shutdown: 2019-02-18 20:18:52 +0200 ===
[23654] - Goodbye!
=== puma startup: 2019-02-18 20:18:54 +0200 ===
[24546] * Starting control server on unix:///tmp/puma-status-1550513934520-24546
[24546] - Worker 1 (pid: 24559) booted, phase: 0
[24546] - Worker 0 (pid: 24555) booted, phase: 0
[RailsAdmin] Could not load model App::Models::Mongoid::GridFs, assuming model is non existing. (uninitialized constant App)
[RailsAdmin] Could not load model App::Models::Mongoid::GridFs::Fs::Chunk, assuming model is non existing. (uninitialized constant App)
[RailsAdmin] Could not load model App::Models::Mongoid::GridFs::Fs::File, assuming model is non existing. (uninitialized constant App)
[RailsAdmin] Could not load model Mongoid-gridFs, assuming model is non existing. (wrong constant name Mongoid-gridFs)
[RailsAdmin] Could not load model Mongoid::GridFs::Version, assuming model is non existing. (uninitialized constant Mongoid::GridFs::Version
Did you mean?  Mongoid::VERSION)
[24546] - Gracefully shutting down workers...
[24546] === puma shutdown: 2019-02-18 20:19:33 +0200 ===
[24546] - Goodbye!
